<?xml version="1.0" encoding="UTF-8"?>
<!-- Generated by org.testng.reporters.JUnitReportReporter -->
<testsuite hostname="NSL-6033" failures="0" tests="1" name="com.test.TestDashboard" time="25.075" errors="0" timestamp="2024-08-30T16:12:12 IST" skipped="0">
  <testcase classname="com.test.TestDashboard" name="dashBtestCase" time="25.075"/>
  <system-out/>
</testsuite> <!-- com.test.TestDashboard -->
