<?xml version="1.0" encoding="UTF-8"?>
<!-- Generated by org.testng.reporters.JUnitReportReporter -->
<testsuite hostname="NSL-6033" failures="0" tests="1" name="com.test.TestSuites" time="56.142" errors="0" timestamp="2024-08-29T12:15:03 IST" skipped="0">
  <testcase classname="com.test.TestSuites" name="testCase" time="56.142"/>
  <system-out/>
</testsuite> <!-- com.test.TestSuites -->
