<?xml version="1.0" encoding="UTF-8"?>
<!-- Generated by org.testng.reporters.JUnitReportReporter -->
<testsuite hostname="NSL-6033" failures="0" tests="1" name="com.test.TestLogin" time="18.359" errors="0" timestamp="2024-08-30T16:12:12 IST" skipped="0">
  <testcase classname="com.test.TestLogin" name="testLogin" time="18.359"/>
  <system-out/>
</testsuite> <!-- com.test.TestLogin -->
